Arguments: 
  C:\Program Files\nodejs\node.exe C:\Program Files (x86)\Yarn\bin\yarn.js

PATH: 
  C:\Users\Administrator\bin;C:\Program Files\Git\mingw64\bin;C:\Program Files\Git\usr\local\bin;C:\Program Files\Git\usr\bin;C:\Program Files\Git\usr\bin;C:\Program Files\Git\mingw64\bin;C:\Program Files\Git\usr\bin;C:\Users\Administrator\bin;C:\Windows\system32;C:\Windows;C:\Windows\System32\Wbem;C:\Windows\System32\WindowsPowerShell\v1.0;C:\Program Files\nodejs;C:\Program Files\Git\cmd;C:\Program Files\TortoiseGit\bin;C:\Program Files (x86)\Yarn\bin;C:\Program Files (x86)\Google\Cloud SDK\google-cloud-sdk\bin;C:\Program Files\Microsoft VS Code\bin;C:\Users\Administrator\AppData\Roaming\npm;C:\Users\Administrator\AppData\Local\Yarn\bin;C:\Program Files\Git\usr\bin\vendor_perl;C:\Program Files\Git\usr\bin\core_perl

Yarn version: 
  1.7.0

Node version: 
  8.11.3

Platform: 
  win32 x64

Trace: 
  SyntaxError: C:\workspace\afd-platform\package.json: Unexpected token } in JSON at position 732
      at JSON.parse (<anonymous>)
      at C:\Program Files (x86)\Yarn\lib\cli.js:1130:59
      at Generator.next (<anonymous>)
      at step (C:\Program Files (x86)\Yarn\lib\cli.js:98:30)
      at C:\Program Files (x86)\Yarn\lib\cli.js:109:13
      at <anonymous>

npm manifest: 
  {
    "name": "afd-platform",
    "version": "1.0.0",
    "description": "A Vue.js project",
    "author": "gaigai <gaigaiyang@bierinc.com>",
    "private": true,
    "scripts": {
      "start": "npm run dev",
      "dev": "cross-env NODE_ENV=development webpack-dev-server --inline --progress --config webpack-build/webpack.dev.conf.js",
      "build": "cross-env NODE_ENV=production node webpack-build/build.js",
      "dll": "cross-env NODE_ENV=production webpack --progress --config webpack-build/webpack.dll.conf.js",
      "lint": "eslint --ext .js,.vue src --cache",
      "test": "echo \"Error: no test specified\" && exit 1"
    },
    "dependencies": {
      "axios": "^0.18.0",
      "vue": "^2.5.2",
      "vue-router": "^3.0.1",
      "vuex": "^3.0.1",
    },
    "devDependencies": {
      "add-asset-html-webpack-plugin": "^2.1.3",
      "autoprefixer": "^8.6.0",
      "babel-core": "^6.26.3",
      "babel-eslint": "^8.2.3",
      "babel-helper-vue-jsx-merge-props": "^2.0.3",
      "babel-loader": "^7.1.4",
      "babel-plugin-component": "^1.1.1",
      "babel-plugin-dynamic-import-node": "^2.0.0",
      "babel-plugin-syntax-dynamic-import": "^6.18.0",
      "babel-plugin-syntax-jsx": "^6.18.0",
      "babel-plugin-transform-es2015-modules-commonjs": "^6.26.2",
      "babel-plugin-transform-runtime": "^6.23.0",
      "babel-plugin-transform-vue-jsx": "^3.7.0",
      "babel-preset-env": "^1.7.0",
      "babel-preset-stage-2": "^6.24.1",
      "cache-loader": "^1.2.2",
      "chalk": "^2.4.1",
      "copy-webpack-plugin": "^4.5.1",
      "cross-env": "^5.2.0",
      "css-loader": "^0.28.11",
      "eslint": "^4.19.1",
      "eslint-config-standard": "^11.0.0",
      "eslint-friendly-formatter": "^4.0.1",
      "eslint-loader": "^2.0.0",
      "eslint-plugin-import": "^2.12.0",
      "eslint-plugin-node": "^6.0.1",
      "eslint-plugin-promise": "^3.8.0",
      "eslint-plugin-standard": "^3.1.0",
      "eslint-plugin-vue": "^4.5.0",
      "file-loader": "^1.1.11",
      "friendly-errors-webpack-plugin": "^1.7.0",
      "happypack": "^5.0.0",
      "html-webpack-plugin": "^3.2.0",
      "mini-css-extract-plugin": "^0.4.0",
      "node-notifier": "^5.2.1",
      "node-sass": "^4.9.0",
      "optimize-css-assets-webpack-plugin": "^4.0.2",
      "ora": "^2.1.0",
      "portfinder": "^1.0.13",
      "postcss-import": "^11.1.0",
      "postcss-load-config": "^1.2.0",
      "postcss-loader": "^2.1.5",
      "postcss-plugin": "^1.0.0",
      "postcss-url": "^7.3.2",
      "rimraf": "^2.6.2",
      "sass-loader": "^7.0.1",
      "semver": "^5.5.0",
      "shelljs": "^0.8.2",
      "uglifyjs-webpack-plugin": "^1.2.5",
      "url-loader": "^1.0.1",
      "vue-loader": "^15.2.4",
      "vue-style-loader": "^4.1.0",
      "vue-template-compiler": "^2.5.16",
      "webpack": "^4.10.2",
      "webpack-bundle-analyzer": "^2.13.1",
      "webpack-cli": "3.0.1",
      "webpack-dev-server": "^3.1.4",
      "webpack-merge": "^4.1.2"
    },
    "engines": {
      "node": ">= 6.0.0",
      "npm": ">= 3.0.0"
    },
    "browserslist": [
      "> 1%",
      "last 2 versions",
      "not ie <= 8"
    ]
  }

yarn manifest: 
  No manifest

Lockfile: 
  No lockfile
